<?xml version="1.0" encoding="UTF-8"?>
<!-- Generated by org.testng.reporters.JUnitXMLReporter -->
<testsuite hostname="DESKTOP-ONEN5UL" ignored="0" name="Test" tests="3" failures="0" timestamp="15 мар 2018 15:47:22 GMT" time="29.617" errors="0">
  <testcase name="verifyMainPageIsCorrect" time="0.172" classname="application.LoginToUserPageTesting"/>
  <testcase name="testUserPageAppearCorrect" time="10.554" classname="application.LoginToUserPageTesting"/>
  <testcase name="testExitFromUserPageIsCorrect" time="6.134" classname="application.LoginToUserPageTesting"/>
</testsuite> <!-- Test -->
