<?xml version="1.0" encoding="UTF-8"?>
<testng-results skipped="0" failed="0" ignored="0" total="1" passed="1">
  <reporter-output>
  </reporter-output>
  <suite name="Default suite" duration-ms="33160" started-at="2018-03-15T21:27:17Z" finished-at="2018-03-15T21:27:50Z">
    <groups>
    </groups>
    <test name="Default test" duration-ms="33160" started-at="2018-03-15T21:27:17Z" finished-at="2018-03-15T21:27:50Z">
      <class name="application.LogOutFromUserPage">
        <test-method status="PASS" signature="beforeTest()[pri:0, instance:application.LogOutFromUserPage@457e2f02]" name="beforeTest" is-config="true" duration-ms="12857" started-at="2018-03-15T23:27:17Z" finished-at="2018-03-15T23:27:29Z">
          <reporter-output>
          </reporter-output>
        </test-method> <!-- beforeTest -->
        <test-method status="PASS" signature="testExitFromUserPageIsCorrect()[pri:0, instance:application.LogOutFromUserPage@457e2f02]" name="testExitFromUserPageIsCorrect" duration-ms="19834" started-at="2018-03-15T23:27:29Z" finished-at="2018-03-15T23:27:49Z">
          <reporter-output>
          </reporter-output>
        </test-method> <!-- testExitFromUserPageIsCorrect -->
        <test-method status="PASS" signature="afterTest()[pri:0, instance:application.LogOutFromUserPage@457e2f02]" name="afterTest" is-config="true" duration-ms="417" started-at="2018-03-15T23:27:49Z" finished-at="2018-03-15T23:27:50Z">
          <reporter-output>
          </reporter-output>
        </test-method> <!-- afterTest -->
      </class> <!-- application.LogOutFromUserPage -->
    </test> <!-- Default test -->
  </suite> <!-- Default suite -->
</testng-results>
