<?xml version="1.0" encoding="UTF-8"?>
<!-- Generated by org.testng.reporters.JUnitXMLReporter -->
<testsuite hostname="DESKTOP-ONEN5UL" ignored="0" name="Default test" tests="2" failures="0" timestamp="16 мар 2018 16:38:12 GMT" time="56.357" errors="0">
  <testcase name="verifyMainPageIsCorrect" time="0.816" classname="application.LoginToUserPageTesting"/>
  <testcase name="testUserPageAppearCorrect" time="37.698" classname="application.LoginToUserPageTesting"/>
</testsuite> <!-- Default test -->
