<?xml version="1.0" encoding="UTF-8"?>
<!-- Generated by org.testng.reporters.JUnitXMLReporter -->
<testsuite hostname="DESKTOP-ONEN5UL" ignored="0" name="Default test" tests="4" failures="0" timestamp="17 мар 2018 09:24:48 GMT" time="22.777" errors="0">
  <testcase name="verifyMainPageIsCorrect" time="0.031" classname="application.LoginToUserPageTesting"/>
  <testcase name="testUserPageAppearCorrect" time="11.206" classname="application.LoginToUserPageTesting"/>
  <testcase name="testLoginWithEmptyValues" time="2.273" classname="application.LoginToUserPageTesting"/>
  <testcase name="testLoginWithIncorrectEmailAndPassword" time="2.546" classname="application.LoginToUserPageTesting"/>
</testsuite> <!-- Default test -->
